{"level":"info","message":"Set up event listeners for contract 0xe07303B14fa37F9829014508B37035c7eC8d5009...","service":"event-processor","timestamp":"2024-03-27T16:10:51.580Z"}
{"level":"info","message":"Listening for events on contract 0xe07303B14fa37F9829014508B37035c7eC8d5009...","service":"event-processor","timestamp":"2024-03-27T16:10:51.581Z"}
{"level":"info","message":"Set up event listeners for contract 0xDc64a140Aa3E981100a9becA4E685f962f0cF6C9...","service":"event-processor","timestamp":"2024-07-19T21:11:02.355Z"}
{"level":"info","message":"Listening for events on contract 0xDc64a140Aa3E981100a9becA4E685f962f0cF6C9...","service":"event-processor","timestamp":"2024-07-19T21:11:02.356Z"}
{"level":"info","message":"Scheduling a refresh of event listeners...","service":"event-processor","timestamp":"2024-07-19T22:11:02.358Z"}
{"level":"info","message":"Starting to refresh event listeners...","service":"event-processor","timestamp":"2024-07-19T22:11:02.358Z"}
{"level":"info","message":"Removed event listeners.","service":"event-processor","timestamp":"2024-07-19T22:11:02.360Z"}
{"level":"info","message":"Transfer listener count: 0","service":"event-processor","timestamp":"2024-07-19T22:11:02.361Z"}
{"level":"info","message":"Mint listener count: 0","service":"event-processor","timestamp":"2024-07-19T22:11:02.361Z"}
{"level":"info","message":"Set up event listeners for contract 0xDc64a140Aa3E981100a9becA4E685f962f0cF6C9...","service":"event-processor","timestamp":"2024-07-19T22:11:02.362Z"}
{"level":"info","message":"Re-setup event listeners.","service":"event-processor","timestamp":"2024-07-19T22:11:02.362Z"}
{"level":"info","message":"New Transfer listener count: 1","service":"event-processor","timestamp":"2024-07-19T22:11:02.363Z"}
{"level":"info","message":"New Mint listener count: 1","service":"event-processor","timestamp":"2024-07-19T22:11:02.363Z"}
{"level":"info","message":"Transferred token 4 from 0x0000000000000000000000000000000000000000 to 0xf39Fd6e51aad88F6F4ce6aB8827279cffFb92266","service":"event-processor","timestamp":"2024-07-19T22:11:02.547Z"}
{"level":"info","message":"Updated user data for 0xf39Fd6e51aad88F6F4ce6aB8827279cffFb92266","service":"event-processor","timestamp":"2024-07-19T22:11:02.638Z"}
{"level":"info","message":"Successfully processed event","service":"event-processor","timestamp":"2024-07-19T22:11:02.638Z"}
{"level":"info","message":"Minted token 4 to 0xf39Fd6e51aad88F6F4ce6aB8827279cffFb92266","service":"event-processor","timestamp":"2024-07-19T22:11:02.638Z"}
{"level":"info","message":"Updated mintedTokens in config table","service":"event-processor","timestamp":"2024-07-19T22:11:02.650Z"}
{"level":"info","message":"Successfully processed event","service":"event-processor","timestamp":"2024-07-19T22:11:02.650Z"}
{"level":"info","message":"Scheduling a refresh of event listeners...","service":"event-processor","timestamp":"2024-07-19T23:11:02.363Z"}
{"level":"info","message":"Starting to refresh event listeners...","service":"event-processor","timestamp":"2024-07-19T23:11:02.364Z"}
{"level":"info","message":"Removed event listeners.","service":"event-processor","timestamp":"2024-07-19T23:11:02.364Z"}
{"level":"info","message":"Transfer listener count: 0","service":"event-processor","timestamp":"2024-07-19T23:11:02.364Z"}
{"level":"info","message":"Mint listener count: 0","service":"event-processor","timestamp":"2024-07-19T23:11:02.364Z"}
{"level":"info","message":"Set up event listeners for contract 0xDc64a140Aa3E981100a9becA4E685f962f0cF6C9...","service":"event-processor","timestamp":"2024-07-19T23:11:02.364Z"}
{"level":"info","message":"Re-setup event listeners.","service":"event-processor","timestamp":"2024-07-19T23:11:02.364Z"}
{"level":"info","message":"New Transfer listener count: 1","service":"event-processor","timestamp":"2024-07-19T23:11:02.364Z"}
{"level":"info","message":"New Mint listener count: 1","service":"event-processor","timestamp":"2024-07-19T23:11:02.365Z"}
{"level":"info","message":"Transferred token 4 from 0x0000000000000000000000000000000000000000 to 0xf39Fd6e51aad88F6F4ce6aB8827279cffFb92266","service":"event-processor","timestamp":"2024-07-19T23:11:02.596Z"}
{"level":"info","message":"Updated user data for 0xf39Fd6e51aad88F6F4ce6aB8827279cffFb92266","service":"event-processor","timestamp":"2024-07-19T23:11:02.670Z"}
{"level":"info","message":"Successfully processed event","service":"event-processor","timestamp":"2024-07-19T23:11:02.670Z"}
{"level":"info","message":"Minted token 4 to 0xf39Fd6e51aad88F6F4ce6aB8827279cffFb92266","service":"event-processor","timestamp":"2024-07-19T23:11:02.670Z"}
{"level":"info","message":"Updated mintedTokens in config table","service":"event-processor","timestamp":"2024-07-19T23:11:02.677Z"}
{"level":"info","message":"Successfully processed event","service":"event-processor","timestamp":"2024-07-19T23:11:02.677Z"}
{"level":"info","message":"Scheduling a refresh of event listeners...","service":"event-processor","timestamp":"2024-07-20T00:11:02.364Z"}
{"level":"info","message":"Starting to refresh event listeners...","service":"event-processor","timestamp":"2024-07-20T00:11:02.364Z"}
{"level":"info","message":"Removed event listeners.","service":"event-processor","timestamp":"2024-07-20T00:11:02.364Z"}
{"level":"info","message":"Transfer listener count: 0","service":"event-processor","timestamp":"2024-07-20T00:11:02.365Z"}
{"level":"info","message":"Mint listener count: 0","service":"event-processor","timestamp":"2024-07-20T00:11:02.365Z"}
{"level":"info","message":"Set up event listeners for contract 0xDc64a140Aa3E981100a9becA4E685f962f0cF6C9...","service":"event-processor","timestamp":"2024-07-20T00:11:02.365Z"}
{"level":"info","message":"Re-setup event listeners.","service":"event-processor","timestamp":"2024-07-20T00:11:02.365Z"}
{"level":"info","message":"New Transfer listener count: 1","service":"event-processor","timestamp":"2024-07-20T00:11:02.365Z"}
{"level":"info","message":"New Mint listener count: 1","service":"event-processor","timestamp":"2024-07-20T00:11:02.365Z"}
{"level":"info","message":"Transferred token 4 from 0x0000000000000000000000000000000000000000 to 0xf39Fd6e51aad88F6F4ce6aB8827279cffFb92266","service":"event-processor","timestamp":"2024-07-20T00:11:02.897Z"}
{"level":"info","message":"Updated user data for 0xf39Fd6e51aad88F6F4ce6aB8827279cffFb92266","service":"event-processor","timestamp":"2024-07-20T00:11:02.970Z"}
{"level":"info","message":"Successfully processed event","service":"event-processor","timestamp":"2024-07-20T00:11:02.970Z"}
{"level":"info","message":"Minted token 4 to 0xf39Fd6e51aad88F6F4ce6aB8827279cffFb92266","service":"event-processor","timestamp":"2024-07-20T00:11:02.970Z"}
{"level":"info","message":"Updated mintedTokens in config table","service":"event-processor","timestamp":"2024-07-20T00:11:02.980Z"}
{"level":"info","message":"Successfully processed event","service":"event-processor","timestamp":"2024-07-20T00:11:02.980Z"}
{"level":"info","message":"Scheduling a refresh of event listeners...","service":"event-processor","timestamp":"2024-07-20T01:11:02.365Z"}
{"level":"info","message":"Starting to refresh event listeners...","service":"event-processor","timestamp":"2024-07-20T01:11:02.366Z"}
{"level":"info","message":"Removed event listeners.","service":"event-processor","timestamp":"2024-07-20T01:11:02.366Z"}
{"level":"info","message":"Transfer listener count: 0","service":"event-processor","timestamp":"2024-07-20T01:11:02.366Z"}
{"level":"info","message":"Mint listener count: 0","service":"event-processor","timestamp":"2024-07-20T01:11:02.366Z"}
{"level":"info","message":"Set up event listeners for contract 0xDc64a140Aa3E981100a9becA4E685f962f0cF6C9...","service":"event-processor","timestamp":"2024-07-20T01:11:02.366Z"}
{"level":"info","message":"Re-setup event listeners.","service":"event-processor","timestamp":"2024-07-20T01:11:02.366Z"}
{"level":"info","message":"New Transfer listener count: 1","service":"event-processor","timestamp":"2024-07-20T01:11:02.367Z"}
{"level":"info","message":"New Mint listener count: 1","service":"event-processor","timestamp":"2024-07-20T01:11:02.367Z"}
{"level":"info","message":"Transferred token 4 from 0x0000000000000000000000000000000000000000 to 0xf39Fd6e51aad88F6F4ce6aB8827279cffFb92266","service":"event-processor","timestamp":"2024-07-20T01:11:02.814Z"}
{"level":"info","message":"Updated user data for 0xf39Fd6e51aad88F6F4ce6aB8827279cffFb92266","service":"event-processor","timestamp":"2024-07-20T01:11:02.889Z"}
{"level":"info","message":"Successfully processed event","service":"event-processor","timestamp":"2024-07-20T01:11:02.889Z"}
{"level":"info","message":"Minted token 4 to 0xf39Fd6e51aad88F6F4ce6aB8827279cffFb92266","service":"event-processor","timestamp":"2024-07-20T01:11:02.889Z"}
{"level":"info","message":"Updated mintedTokens in config table","service":"event-processor","timestamp":"2024-07-20T01:11:02.897Z"}
{"level":"info","message":"Successfully processed event","service":"event-processor","timestamp":"2024-07-20T01:11:02.897Z"}
{"level":"info","message":"Scheduling a refresh of event listeners...","service":"event-processor","timestamp":"2024-07-20T02:11:02.368Z"}
{"level":"info","message":"Starting to refresh event listeners...","service":"event-processor","timestamp":"2024-07-20T02:11:02.368Z"}
{"level":"info","message":"Removed event listeners.","service":"event-processor","timestamp":"2024-07-20T02:11:02.368Z"}
{"level":"info","message":"Transfer listener count: 0","service":"event-processor","timestamp":"2024-07-20T02:11:02.369Z"}
{"level":"info","message":"Mint listener count: 0","service":"event-processor","timestamp":"2024-07-20T02:11:02.369Z"}
{"level":"info","message":"Set up event listeners for contract 0xDc64a140Aa3E981100a9becA4E685f962f0cF6C9...","service":"event-processor","timestamp":"2024-07-20T02:11:02.369Z"}
{"level":"info","message":"Re-setup event listeners.","service":"event-processor","timestamp":"2024-07-20T02:11:02.369Z"}
{"level":"info","message":"New Transfer listener count: 1","service":"event-processor","timestamp":"2024-07-20T02:11:02.369Z"}
{"level":"info","message":"New Mint listener count: 1","service":"event-processor","timestamp":"2024-07-20T02:11:02.369Z"}
{"level":"info","message":"Transferred token 4 from 0x0000000000000000000000000000000000000000 to 0xf39Fd6e51aad88F6F4ce6aB8827279cffFb92266","service":"event-processor","timestamp":"2024-07-20T02:11:02.858Z"}
{"level":"info","message":"Updated user data for 0xf39Fd6e51aad88F6F4ce6aB8827279cffFb92266","service":"event-processor","timestamp":"2024-07-20T02:11:02.915Z"}
{"level":"info","message":"Successfully processed event","service":"event-processor","timestamp":"2024-07-20T02:11:02.915Z"}
{"level":"info","message":"Minted token 4 to 0xf39Fd6e51aad88F6F4ce6aB8827279cffFb92266","service":"event-processor","timestamp":"2024-07-20T02:11:02.915Z"}
{"level":"info","message":"Updated mintedTokens in config table","service":"event-processor","timestamp":"2024-07-20T02:11:02.925Z"}
{"level":"info","message":"Successfully processed event","service":"event-processor","timestamp":"2024-07-20T02:11:02.925Z"}
{"level":"info","message":"Scheduling a refresh of event listeners...","service":"event-processor","timestamp":"2024-07-20T03:11:02.372Z"}
{"level":"info","message":"Starting to refresh event listeners...","service":"event-processor","timestamp":"2024-07-20T03:11:02.372Z"}
{"level":"info","message":"Removed event listeners.","service":"event-processor","timestamp":"2024-07-20T03:11:02.372Z"}
{"level":"info","message":"Transfer listener count: 0","service":"event-processor","timestamp":"2024-07-20T03:11:02.373Z"}
{"level":"info","message":"Mint listener count: 0","service":"event-processor","timestamp":"2024-07-20T03:11:02.373Z"}
{"level":"info","message":"Set up event listeners for contract 0xDc64a140Aa3E981100a9becA4E685f962f0cF6C9...","service":"event-processor","timestamp":"2024-07-20T03:11:02.373Z"}
{"level":"info","message":"Re-setup event listeners.","service":"event-processor","timestamp":"2024-07-20T03:11:02.373Z"}
{"level":"info","message":"New Transfer listener count: 1","service":"event-processor","timestamp":"2024-07-20T03:11:02.373Z"}
{"level":"info","message":"New Mint listener count: 1","service":"event-processor","timestamp":"2024-07-20T03:11:02.373Z"}
{"level":"info","message":"Transferred token 4 from 0x0000000000000000000000000000000000000000 to 0xf39Fd6e51aad88F6F4ce6aB8827279cffFb92266","service":"event-processor","timestamp":"2024-07-20T03:11:02.876Z"}
{"level":"info","message":"Updated user data for 0xf39Fd6e51aad88F6F4ce6aB8827279cffFb92266","service":"event-processor","timestamp":"2024-07-20T03:11:03.018Z"}
{"level":"info","message":"Successfully processed event","service":"event-processor","timestamp":"2024-07-20T03:11:03.018Z"}
{"level":"info","message":"Minted token 4 to 0xf39Fd6e51aad88F6F4ce6aB8827279cffFb92266","service":"event-processor","timestamp":"2024-07-20T03:11:03.018Z"}
{"level":"info","message":"Updated mintedTokens in config table","service":"event-processor","timestamp":"2024-07-20T03:11:03.028Z"}
{"level":"info","message":"Successfully processed event","service":"event-processor","timestamp":"2024-07-20T03:11:03.028Z"}
{"level":"info","message":"Scheduling a refresh of event listeners...","service":"event-processor","timestamp":"2024-07-20T04:11:02.376Z"}
{"level":"info","message":"Starting to refresh event listeners...","service":"event-processor","timestamp":"2024-07-20T04:11:02.377Z"}
{"level":"info","message":"Removed event listeners.","service":"event-processor","timestamp":"2024-07-20T04:11:02.377Z"}
{"level":"info","message":"Transfer listener count: 0","service":"event-processor","timestamp":"2024-07-20T04:11:02.377Z"}
{"level":"info","message":"Mint listener count: 0","service":"event-processor","timestamp":"2024-07-20T04:11:02.377Z"}
{"level":"info","message":"Set up event listeners for contract 0xDc64a140Aa3E981100a9becA4E685f962f0cF6C9...","service":"event-processor","timestamp":"2024-07-20T04:11:02.377Z"}
{"level":"info","message":"Re-setup event listeners.","service":"event-processor","timestamp":"2024-07-20T04:11:02.377Z"}
{"level":"info","message":"New Transfer listener count: 1","service":"event-processor","timestamp":"2024-07-20T04:11:02.377Z"}
{"level":"info","message":"New Mint listener count: 1","service":"event-processor","timestamp":"2024-07-20T04:11:02.377Z"}
{"level":"info","message":"Transferred token 4 from 0x0000000000000000000000000000000000000000 to 0xf39Fd6e51aad88F6F4ce6aB8827279cffFb92266","service":"event-processor","timestamp":"2024-07-20T04:11:02.660Z"}
{"level":"info","message":"Updated user data for 0xf39Fd6e51aad88F6F4ce6aB8827279cffFb92266","service":"event-processor","timestamp":"2024-07-20T04:11:02.732Z"}
{"level":"info","message":"Successfully processed event","service":"event-processor","timestamp":"2024-07-20T04:11:02.732Z"}
{"level":"info","message":"Minted token 4 to 0xf39Fd6e51aad88F6F4ce6aB8827279cffFb92266","service":"event-processor","timestamp":"2024-07-20T04:11:02.732Z"}
{"level":"info","message":"Updated mintedTokens in config table","service":"event-processor","timestamp":"2024-07-20T04:11:02.743Z"}
{"level":"info","message":"Successfully processed event","service":"event-processor","timestamp":"2024-07-20T04:11:02.743Z"}
{"level":"info","message":"Scheduling a refresh of event listeners...","service":"event-processor","timestamp":"2024-07-20T05:11:02.377Z"}
{"level":"info","message":"Starting to refresh event listeners...","service":"event-processor","timestamp":"2024-07-20T05:11:02.377Z"}
{"level":"info","message":"Removed event listeners.","service":"event-processor","timestamp":"2024-07-20T05:11:02.377Z"}
{"level":"info","message":"Transfer listener count: 0","service":"event-processor","timestamp":"2024-07-20T05:11:02.377Z"}
{"level":"info","message":"Mint listener count: 0","service":"event-processor","timestamp":"2024-07-20T05:11:02.377Z"}
{"level":"info","message":"Set up event listeners for contract 0xDc64a140Aa3E981100a9becA4E685f962f0cF6C9...","service":"event-processor","timestamp":"2024-07-20T05:11:02.377Z"}
{"level":"info","message":"Re-setup event listeners.","service":"event-processor","timestamp":"2024-07-20T05:11:02.377Z"}
{"level":"info","message":"New Transfer listener count: 1","service":"event-processor","timestamp":"2024-07-20T05:11:02.377Z"}
{"level":"info","message":"New Mint listener count: 1","service":"event-processor","timestamp":"2024-07-20T05:11:02.378Z"}
{"level":"info","message":"Transferred token 4 from 0x0000000000000000000000000000000000000000 to 0xf39Fd6e51aad88F6F4ce6aB8827279cffFb92266","service":"event-processor","timestamp":"2024-07-20T05:11:02.575Z"}
{"level":"info","message":"Updated user data for 0xf39Fd6e51aad88F6F4ce6aB8827279cffFb92266","service":"event-processor","timestamp":"2024-07-20T05:11:02.648Z"}
{"level":"info","message":"Successfully processed event","service":"event-processor","timestamp":"2024-07-20T05:11:02.648Z"}
{"level":"info","message":"Minted token 4 to 0xf39Fd6e51aad88F6F4ce6aB8827279cffFb92266","service":"event-processor","timestamp":"2024-07-20T05:11:02.648Z"}
{"level":"info","message":"Updated mintedTokens in config table","service":"event-processor","timestamp":"2024-07-20T05:11:02.657Z"}
{"level":"info","message":"Successfully processed event","service":"event-processor","timestamp":"2024-07-20T05:11:02.657Z"}
{"level":"info","message":"Scheduling a refresh of event listeners...","service":"event-processor","timestamp":"2024-07-20T06:11:02.380Z"}
{"level":"info","message":"Starting to refresh event listeners...","service":"event-processor","timestamp":"2024-07-20T06:11:02.380Z"}
{"level":"info","message":"Removed event listeners.","service":"event-processor","timestamp":"2024-07-20T06:11:02.380Z"}
{"level":"info","message":"Transfer listener count: 0","service":"event-processor","timestamp":"2024-07-20T06:11:02.380Z"}
{"level":"info","message":"Mint listener count: 0","service":"event-processor","timestamp":"2024-07-20T06:11:02.380Z"}
{"level":"info","message":"Set up event listeners for contract 0xDc64a140Aa3E981100a9becA4E685f962f0cF6C9...","service":"event-processor","timestamp":"2024-07-20T06:11:02.380Z"}
{"level":"info","message":"Re-setup event listeners.","service":"event-processor","timestamp":"2024-07-20T06:11:02.380Z"}
{"level":"info","message":"New Transfer listener count: 1","service":"event-processor","timestamp":"2024-07-20T06:11:02.380Z"}
{"level":"info","message":"New Mint listener count: 1","service":"event-processor","timestamp":"2024-07-20T06:11:02.380Z"}
{"level":"info","message":"Transferred token 4 from 0x0000000000000000000000000000000000000000 to 0xf39Fd6e51aad88F6F4ce6aB8827279cffFb92266","service":"event-processor","timestamp":"2024-07-20T06:11:02.591Z"}
{"level":"info","message":"Updated user data for 0xf39Fd6e51aad88F6F4ce6aB8827279cffFb92266","service":"event-processor","timestamp":"2024-07-20T06:11:02.664Z"}
{"level":"info","message":"Successfully processed event","service":"event-processor","timestamp":"2024-07-20T06:11:02.664Z"}
{"level":"info","message":"Minted token 4 to 0xf39Fd6e51aad88F6F4ce6aB8827279cffFb92266","service":"event-processor","timestamp":"2024-07-20T06:11:02.664Z"}
{"level":"info","message":"Updated mintedTokens in config table","service":"event-processor","timestamp":"2024-07-20T06:11:02.673Z"}
{"level":"info","message":"Successfully processed event","service":"event-processor","timestamp":"2024-07-20T06:11:02.673Z"}
{"level":"info","message":"Scheduling a refresh of event listeners...","service":"event-processor","timestamp":"2024-07-20T07:11:02.383Z"}
{"level":"info","message":"Starting to refresh event listeners...","service":"event-processor","timestamp":"2024-07-20T07:11:02.383Z"}
{"level":"info","message":"Removed event listeners.","service":"event-processor","timestamp":"2024-07-20T07:11:02.383Z"}
{"level":"info","message":"Transfer listener count: 0","service":"event-processor","timestamp":"2024-07-20T07:11:02.383Z"}
{"level":"info","message":"Mint listener count: 0","service":"event-processor","timestamp":"2024-07-20T07:11:02.383Z"}
{"level":"info","message":"Set up event listeners for contract 0xDc64a140Aa3E981100a9becA4E685f962f0cF6C9...","service":"event-processor","timestamp":"2024-07-20T07:11:02.383Z"}
{"level":"info","message":"Re-setup event listeners.","service":"event-processor","timestamp":"2024-07-20T07:11:02.383Z"}
{"level":"info","message":"New Transfer listener count: 1","service":"event-processor","timestamp":"2024-07-20T07:11:02.384Z"}
{"level":"info","message":"New Mint listener count: 1","service":"event-processor","timestamp":"2024-07-20T07:11:02.384Z"}
{"level":"info","message":"Transferred token 4 from 0x0000000000000000000000000000000000000000 to 0xf39Fd6e51aad88F6F4ce6aB8827279cffFb92266","service":"event-processor","timestamp":"2024-07-20T07:11:02.652Z"}
{"level":"info","message":"Updated user data for 0xf39Fd6e51aad88F6F4ce6aB8827279cffFb92266","service":"event-processor","timestamp":"2024-07-20T07:11:02.731Z"}
{"level":"info","message":"Successfully processed event","service":"event-processor","timestamp":"2024-07-20T07:11:02.731Z"}
{"level":"info","message":"Minted token 4 to 0xf39Fd6e51aad88F6F4ce6aB8827279cffFb92266","service":"event-processor","timestamp":"2024-07-20T07:11:02.731Z"}
{"level":"info","message":"Updated mintedTokens in config table","service":"event-processor","timestamp":"2024-07-20T07:11:02.738Z"}
{"level":"info","message":"Successfully processed event","service":"event-processor","timestamp":"2024-07-20T07:11:02.739Z"}
{"level":"info","message":"Scheduling a refresh of event listeners...","service":"event-processor","timestamp":"2024-07-20T08:11:02.386Z"}
{"level":"info","message":"Starting to refresh event listeners...","service":"event-processor","timestamp":"2024-07-20T08:11:02.386Z"}
{"level":"info","message":"Removed event listeners.","service":"event-processor","timestamp":"2024-07-20T08:11:02.386Z"}
{"level":"info","message":"Transfer listener count: 0","service":"event-processor","timestamp":"2024-07-20T08:11:02.387Z"}
{"level":"info","message":"Mint listener count: 0","service":"event-processor","timestamp":"2024-07-20T08:11:02.387Z"}
{"level":"info","message":"Set up event listeners for contract 0xDc64a140Aa3E981100a9becA4E685f962f0cF6C9...","service":"event-processor","timestamp":"2024-07-20T08:11:02.387Z"}
{"level":"info","message":"Re-setup event listeners.","service":"event-processor","timestamp":"2024-07-20T08:11:02.387Z"}
{"level":"info","message":"New Transfer listener count: 1","service":"event-processor","timestamp":"2024-07-20T08:11:02.387Z"}
{"level":"info","message":"New Mint listener count: 1","service":"event-processor","timestamp":"2024-07-20T08:11:02.387Z"}
{"level":"info","message":"Transferred token 4 from 0x0000000000000000000000000000000000000000 to 0xf39Fd6e51aad88F6F4ce6aB8827279cffFb92266","service":"event-processor","timestamp":"2024-07-20T08:11:02.431Z"}
{"level":"info","message":"Updated user data for 0xf39Fd6e51aad88F6F4ce6aB8827279cffFb92266","service":"event-processor","timestamp":"2024-07-20T08:11:02.547Z"}
{"level":"info","message":"Successfully processed event","service":"event-processor","timestamp":"2024-07-20T08:11:02.547Z"}
{"level":"info","message":"Minted token 4 to 0xf39Fd6e51aad88F6F4ce6aB8827279cffFb92266","service":"event-processor","timestamp":"2024-07-20T08:11:02.547Z"}
{"level":"info","message":"Updated mintedTokens in config table","service":"event-processor","timestamp":"2024-07-20T08:11:02.556Z"}
{"level":"info","message":"Successfully processed event","service":"event-processor","timestamp":"2024-07-20T08:11:02.556Z"}
{"level":"info","message":"Scheduling a refresh of event listeners...","service":"event-processor","timestamp":"2024-07-20T09:11:02.388Z"}
{"level":"info","message":"Starting to refresh event listeners...","service":"event-processor","timestamp":"2024-07-20T09:11:02.388Z"}
{"level":"info","message":"Removed event listeners.","service":"event-processor","timestamp":"2024-07-20T09:11:02.388Z"}
{"level":"info","message":"Transfer listener count: 0","service":"event-processor","timestamp":"2024-07-20T09:11:02.389Z"}
{"level":"info","message":"Mint listener count: 0","service":"event-processor","timestamp":"2024-07-20T09:11:02.389Z"}
{"level":"info","message":"Set up event listeners for contract 0xDc64a140Aa3E981100a9becA4E685f962f0cF6C9...","service":"event-processor","timestamp":"2024-07-20T09:11:02.389Z"}
{"level":"info","message":"Re-setup event listeners.","service":"event-processor","timestamp":"2024-07-20T09:11:02.389Z"}
{"level":"info","message":"New Transfer listener count: 1","service":"event-processor","timestamp":"2024-07-20T09:11:02.389Z"}
{"level":"info","message":"New Mint listener count: 1","service":"event-processor","timestamp":"2024-07-20T09:11:02.389Z"}
{"level":"info","message":"Transferred token 4 from 0x0000000000000000000000000000000000000000 to 0xf39Fd6e51aad88F6F4ce6aB8827279cffFb92266","service":"event-processor","timestamp":"2024-07-20T09:11:02.549Z"}
{"level":"info","message":"Updated user data for 0xf39Fd6e51aad88F6F4ce6aB8827279cffFb92266","service":"event-processor","timestamp":"2024-07-20T09:11:02.613Z"}
{"level":"info","message":"Successfully processed event","service":"event-processor","timestamp":"2024-07-20T09:11:02.613Z"}
{"level":"info","message":"Minted token 4 to 0xf39Fd6e51aad88F6F4ce6aB8827279cffFb92266","service":"event-processor","timestamp":"2024-07-20T09:11:02.613Z"}
{"level":"info","message":"Updated mintedTokens in config table","service":"event-processor","timestamp":"2024-07-20T09:11:02.620Z"}
{"level":"info","message":"Successfully processed event","service":"event-processor","timestamp":"2024-07-20T09:11:02.620Z"}
{"level":"info","message":"Scheduling a refresh of event listeners...","service":"event-processor","timestamp":"2024-07-20T10:11:02.391Z"}
{"level":"info","message":"Starting to refresh event listeners...","service":"event-processor","timestamp":"2024-07-20T10:11:02.391Z"}
{"level":"info","message":"Removed event listeners.","service":"event-processor","timestamp":"2024-07-20T10:11:02.391Z"}
{"level":"info","message":"Transfer listener count: 0","service":"event-processor","timestamp":"2024-07-20T10:11:02.392Z"}
{"level":"info","message":"Mint listener count: 0","service":"event-processor","timestamp":"2024-07-20T10:11:02.392Z"}
{"level":"info","message":"Set up event listeners for contract 0xDc64a140Aa3E981100a9becA4E685f962f0cF6C9...","service":"event-processor","timestamp":"2024-07-20T10:11:02.392Z"}
{"level":"info","message":"Re-setup event listeners.","service":"event-processor","timestamp":"2024-07-20T10:11:02.392Z"}
{"level":"info","message":"New Transfer listener count: 1","service":"event-processor","timestamp":"2024-07-20T10:11:02.392Z"}
{"level":"info","message":"New Mint listener count: 1","service":"event-processor","timestamp":"2024-07-20T10:11:02.392Z"}
{"level":"info","message":"Transferred token 4 from 0x0000000000000000000000000000000000000000 to 0xf39Fd6e51aad88F6F4ce6aB8827279cffFb92266","service":"event-processor","timestamp":"2024-07-20T10:11:05.404Z"}
{"level":"info","message":"Updated user data for 0xf39Fd6e51aad88F6F4ce6aB8827279cffFb92266","service":"event-processor","timestamp":"2024-07-20T10:11:05.464Z"}
{"level":"info","message":"Successfully processed event","service":"event-processor","timestamp":"2024-07-20T10:11:05.464Z"}
{"level":"info","message":"Minted token 4 to 0xf39Fd6e51aad88F6F4ce6aB8827279cffFb92266","service":"event-processor","timestamp":"2024-07-20T10:11:05.464Z"}
{"level":"info","message":"Updated mintedTokens in config table","service":"event-processor","timestamp":"2024-07-20T10:11:05.473Z"}
{"level":"info","message":"Successfully processed event","service":"event-processor","timestamp":"2024-07-20T10:11:05.473Z"}
{"level":"info","message":"Scheduling a refresh of event listeners...","service":"event-processor","timestamp":"2024-07-20T11:11:02.394Z"}
{"level":"info","message":"Starting to refresh event listeners...","service":"event-processor","timestamp":"2024-07-20T11:11:02.394Z"}
{"level":"info","message":"Removed event listeners.","service":"event-processor","timestamp":"2024-07-20T11:11:02.395Z"}
{"level":"info","message":"Transfer listener count: 0","service":"event-processor","timestamp":"2024-07-20T11:11:02.395Z"}
{"level":"info","message":"Mint listener count: 0","service":"event-processor","timestamp":"2024-07-20T11:11:02.395Z"}
{"level":"info","message":"Set up event listeners for contract 0xDc64a140Aa3E981100a9becA4E685f962f0cF6C9...","service":"event-processor","timestamp":"2024-07-20T11:11:02.395Z"}
{"level":"info","message":"Re-setup event listeners.","service":"event-processor","timestamp":"2024-07-20T11:11:02.395Z"}
{"level":"info","message":"New Transfer listener count: 1","service":"event-processor","timestamp":"2024-07-20T11:11:02.395Z"}
{"level":"info","message":"New Mint listener count: 1","service":"event-processor","timestamp":"2024-07-20T11:11:02.395Z"}
{"level":"info","message":"Transferred token 4 from 0x0000000000000000000000000000000000000000 to 0xf39Fd6e51aad88F6F4ce6aB8827279cffFb92266","service":"event-processor","timestamp":"2024-07-20T11:11:02.520Z"}
{"level":"info","message":"Updated user data for 0xf39Fd6e51aad88F6F4ce6aB8827279cffFb92266","service":"event-processor","timestamp":"2024-07-20T11:11:02.589Z"}
{"level":"info","message":"Successfully processed event","service":"event-processor","timestamp":"2024-07-20T11:11:02.589Z"}
{"level":"info","message":"Minted token 4 to 0xf39Fd6e51aad88F6F4ce6aB8827279cffFb92266","service":"event-processor","timestamp":"2024-07-20T11:11:02.589Z"}
{"level":"info","message":"Updated mintedTokens in config table","service":"event-processor","timestamp":"2024-07-20T11:11:02.597Z"}
{"level":"info","message":"Successfully processed event","service":"event-processor","timestamp":"2024-07-20T11:11:02.598Z"}
{"level":"info","message":"Scheduling a refresh of event listeners...","service":"event-processor","timestamp":"2024-07-20T12:11:02.395Z"}
{"level":"info","message":"Starting to refresh event listeners...","service":"event-processor","timestamp":"2024-07-20T12:11:02.396Z"}
{"level":"info","message":"Removed event listeners.","service":"event-processor","timestamp":"2024-07-20T12:11:02.396Z"}
{"level":"info","message":"Transfer listener count: 0","service":"event-processor","timestamp":"2024-07-20T12:11:02.396Z"}
{"level":"info","message":"Mint listener count: 0","service":"event-processor","timestamp":"2024-07-20T12:11:02.396Z"}
{"level":"info","message":"Set up event listeners for contract 0xDc64a140Aa3E981100a9becA4E685f962f0cF6C9...","service":"event-processor","timestamp":"2024-07-20T12:11:02.396Z"}
{"level":"info","message":"Re-setup event listeners.","service":"event-processor","timestamp":"2024-07-20T12:11:02.396Z"}
{"level":"info","message":"New Transfer listener count: 1","service":"event-processor","timestamp":"2024-07-20T12:11:02.396Z"}
{"level":"info","message":"New Mint listener count: 1","service":"event-processor","timestamp":"2024-07-20T12:11:02.396Z"}
{"level":"info","message":"Transferred token 4 from 0x0000000000000000000000000000000000000000 to 0xf39Fd6e51aad88F6F4ce6aB8827279cffFb92266","service":"event-processor","timestamp":"2024-07-20T12:11:02.566Z"}
{"level":"info","message":"Updated user data for 0xf39Fd6e51aad88F6F4ce6aB8827279cffFb92266","service":"event-processor","timestamp":"2024-07-20T12:11:02.708Z"}
{"level":"info","message":"Successfully processed event","service":"event-processor","timestamp":"2024-07-20T12:11:02.708Z"}
{"level":"info","message":"Minted token 4 to 0xf39Fd6e51aad88F6F4ce6aB8827279cffFb92266","service":"event-processor","timestamp":"2024-07-20T12:11:02.708Z"}
{"level":"info","message":"Updated mintedTokens in config table","service":"event-processor","timestamp":"2024-07-20T12:11:02.725Z"}
{"level":"info","message":"Successfully processed event","service":"event-processor","timestamp":"2024-07-20T12:11:02.725Z"}
{"level":"info","message":"Scheduling a refresh of event listeners...","service":"event-processor","timestamp":"2024-07-20T13:11:02.396Z"}
{"level":"info","message":"Starting to refresh event listeners...","service":"event-processor","timestamp":"2024-07-20T13:11:02.396Z"}
{"level":"info","message":"Removed event listeners.","service":"event-processor","timestamp":"2024-07-20T13:11:02.396Z"}
{"level":"info","message":"Transfer listener count: 0","service":"event-processor","timestamp":"2024-07-20T13:11:02.396Z"}
{"level":"info","message":"Mint listener count: 0","service":"event-processor","timestamp":"2024-07-20T13:11:02.396Z"}
{"level":"info","message":"Set up event listeners for contract 0xDc64a140Aa3E981100a9becA4E685f962f0cF6C9...","service":"event-processor","timestamp":"2024-07-20T13:11:02.397Z"}
{"level":"info","message":"Re-setup event listeners.","service":"event-processor","timestamp":"2024-07-20T13:11:02.397Z"}
{"level":"info","message":"New Transfer listener count: 1","service":"event-processor","timestamp":"2024-07-20T13:11:02.397Z"}
{"level":"info","message":"New Mint listener count: 1","service":"event-processor","timestamp":"2024-07-20T13:11:02.397Z"}
{"level":"info","message":"Transferred token 4 from 0x0000000000000000000000000000000000000000 to 0xf39Fd6e51aad88F6F4ce6aB8827279cffFb92266","service":"event-processor","timestamp":"2024-07-20T13:11:02.567Z"}
{"level":"info","message":"Updated user data for 0xf39Fd6e51aad88F6F4ce6aB8827279cffFb92266","service":"event-processor","timestamp":"2024-07-20T13:11:02.643Z"}
{"level":"info","message":"Successfully processed event","service":"event-processor","timestamp":"2024-07-20T13:11:02.643Z"}
{"level":"info","message":"Minted token 4 to 0xf39Fd6e51aad88F6F4ce6aB8827279cffFb92266","service":"event-processor","timestamp":"2024-07-20T13:11:02.643Z"}
{"level":"info","message":"Updated mintedTokens in config table","service":"event-processor","timestamp":"2024-07-20T13:11:02.652Z"}
{"level":"info","message":"Successfully processed event","service":"event-processor","timestamp":"2024-07-20T13:11:02.652Z"}
{"level":"info","message":"Scheduling a refresh of event listeners...","service":"event-processor","timestamp":"2024-07-20T14:11:02.400Z"}
{"level":"info","message":"Starting to refresh event listeners...","service":"event-processor","timestamp":"2024-07-20T14:11:02.400Z"}
{"level":"info","message":"Removed event listeners.","service":"event-processor","timestamp":"2024-07-20T14:11:02.400Z"}
{"level":"info","message":"Transfer listener count: 0","service":"event-processor","timestamp":"2024-07-20T14:11:02.400Z"}
{"level":"info","message":"Mint listener count: 0","service":"event-processor","timestamp":"2024-07-20T14:11:02.400Z"}
{"level":"info","message":"Set up event listeners for contract 0xDc64a140Aa3E981100a9becA4E685f962f0cF6C9...","service":"event-processor","timestamp":"2024-07-20T14:11:02.401Z"}
{"level":"info","message":"Re-setup event listeners.","service":"event-processor","timestamp":"2024-07-20T14:11:02.401Z"}
{"level":"info","message":"New Transfer listener count: 1","service":"event-processor","timestamp":"2024-07-20T14:11:02.401Z"}
{"level":"info","message":"New Mint listener count: 1","service":"event-processor","timestamp":"2024-07-20T14:11:02.401Z"}
{"level":"info","message":"Transferred token 4 from 0x0000000000000000000000000000000000000000 to 0xf39Fd6e51aad88F6F4ce6aB8827279cffFb92266","service":"event-processor","timestamp":"2024-07-20T14:11:05.412Z"}
{"level":"info","message":"Updated user data for 0xf39Fd6e51aad88F6F4ce6aB8827279cffFb92266","service":"event-processor","timestamp":"2024-07-20T14:11:05.486Z"}
{"level":"info","message":"Successfully processed event","service":"event-processor","timestamp":"2024-07-20T14:11:05.486Z"}
{"level":"info","message":"Minted token 4 to 0xf39Fd6e51aad88F6F4ce6aB8827279cffFb92266","service":"event-processor","timestamp":"2024-07-20T14:11:05.486Z"}
{"level":"info","message":"Updated mintedTokens in config table","service":"event-processor","timestamp":"2024-07-20T14:11:05.494Z"}
{"level":"info","message":"Successfully processed event","service":"event-processor","timestamp":"2024-07-20T14:11:05.494Z"}
{"level":"info","message":"Scheduling a refresh of event listeners...","service":"event-processor","timestamp":"2024-07-20T15:11:02.401Z"}
{"level":"info","message":"Starting to refresh event listeners...","service":"event-processor","timestamp":"2024-07-20T15:11:02.401Z"}
{"level":"info","message":"Removed event listeners.","service":"event-processor","timestamp":"2024-07-20T15:11:02.401Z"}
{"level":"info","message":"Transfer listener count: 0","service":"event-processor","timestamp":"2024-07-20T15:11:02.401Z"}
{"level":"info","message":"Mint listener count: 0","service":"event-processor","timestamp":"2024-07-20T15:11:02.401Z"}
{"level":"info","message":"Set up event listeners for contract 0xDc64a140Aa3E981100a9becA4E685f962f0cF6C9...","service":"event-processor","timestamp":"2024-07-20T15:11:02.401Z"}
{"level":"info","message":"Re-setup event listeners.","service":"event-processor","timestamp":"2024-07-20T15:11:02.401Z"}
{"level":"info","message":"New Transfer listener count: 1","service":"event-processor","timestamp":"2024-07-20T15:11:02.401Z"}
{"level":"info","message":"New Mint listener count: 1","service":"event-processor","timestamp":"2024-07-20T15:11:02.401Z"}
{"level":"info","message":"Transferred token 4 from 0x0000000000000000000000000000000000000000 to 0xf39Fd6e51aad88F6F4ce6aB8827279cffFb92266","service":"event-processor","timestamp":"2024-07-20T15:11:05.349Z"}
{"level":"info","message":"Updated user data for 0xf39Fd6e51aad88F6F4ce6aB8827279cffFb92266","service":"event-processor","timestamp":"2024-07-20T15:11:05.701Z"}
{"level":"info","message":"Successfully processed event","service":"event-processor","timestamp":"2024-07-20T15:11:05.701Z"}
{"level":"info","message":"Minted token 4 to 0xf39Fd6e51aad88F6F4ce6aB8827279cffFb92266","service":"event-processor","timestamp":"2024-07-20T15:11:05.701Z"}
{"level":"info","message":"Updated mintedTokens in config table","service":"event-processor","timestamp":"2024-07-20T15:11:05.708Z"}
{"level":"info","message":"Successfully processed event","service":"event-processor","timestamp":"2024-07-20T15:11:05.708Z"}
